<?xml version="1.0" encoding="UTF-8" ?>
<testsuite errors="0" failures="0" hostname="MacBook-Pro-Dawid.local" name="peergos.server.tests.QrCodeTests" skipped="0" tests="2" time="0.678" timestamp="2021-05-16T19:52:44">
  <properties>
[...]
</properties>
  <testcase classname="peergos.server.tests.QrCodeTests" name="roundTripFingerPrint" time="0.479" />
  <testcase classname="peergos.server.tests.QrCodeTests" name="invertable" time="0.114" />
  <system-out><![CDATA[]]></system-out>
  <system-err><![CDATA[Couldn't load native crypto library at /Users/dawid/dev/mudita/Peergos/native-lib/libtweetnacl.so, using pure Java version...
To use the native linux-x86-64 crypto implementation use option -Djava.library.path=native-lib
]]></system-err>
</testsuite>
