<?xml version="1.0" encoding="UTF-8" ?>
<testsuite errors="0" failures="0" hostname="MacBook-Pro-Dawid.local" name="peergos.server.tests.FragmenterTest" skipped="0" tests="6" time="3.685" timestamp="2021-05-16T19:17:07">
  <properties>
[...]
</properties>
  <testcase classname="peergos.server.tests.FragmenterTest" name="testBoundary[peergos.shared.user.fs.SplitFragmenter@0]" time="0.025" />
  <testcase classname="peergos.server.tests.FragmenterTest" name="serializationTest[peergos.shared.user.fs.SplitFragmenter@0]" time="0.007" />
  <testcase classname="peergos.server.tests.FragmenterTest" name="testSeries[peergos.shared.user.fs.SplitFragmenter@0]" time="0.108" />
  <testcase classname="peergos.server.tests.FragmenterTest" name="testBoundary[peergos.shared.user.fs.ErasureFragmenter@4e2]" time="0.303" />
  <testcase classname="peergos.server.tests.FragmenterTest" name="serializationTest[peergos.shared.user.fs.ErasureFragmenter@4e2]" time="0.0" />
  <testcase classname="peergos.server.tests.FragmenterTest" name="testSeries[peergos.shared.user.fs.ErasureFragmenter@4e2]" time="3.161" />
  <system-out><![CDATA[]]></system-out>
  <system-err><![CDATA[maj 16, 2021 9:17:08 PM peergos.shared.user.fs.erasure.Erasure split
INFO: Erasure encoding took 102 mS
maj 16, 2021 9:17:08 PM peergos.shared.user.fs.erasure.Erasure recombine
INFO: Erasure decoding took 5 mS
maj 16, 2021 9:17:08 PM peergos.shared.user.fs.erasure.Erasure split
INFO: Erasure encoding took 152 mS
maj 16, 2021 9:17:08 PM peergos.shared.user.fs.erasure.Erasure recombine
INFO: Erasure decoding took 9 mS
maj 16, 2021 9:17:08 PM peergos.shared.user.fs.erasure.Erasure split
INFO: Erasure encoding took 43 mS
maj 16, 2021 9:17:08 PM peergos.shared.user.fs.erasure.Erasure recombine
INFO: Erasure decoding took 3 mS
maj 16, 2021 9:17:08 PM peergos.shared.user.fs.erasure.Erasure split
INFO: Erasure encoding took 314 mS
maj 16, 2021 9:17:08 PM peergos.shared.user.fs.erasure.Erasure recombine
INFO: Erasure decoding took 6 mS
maj 16, 2021 9:17:09 PM peergos.shared.user.fs.erasure.Erasure split
INFO: Erasure encoding took 286 mS
maj 16, 2021 9:17:09 PM peergos.shared.user.fs.erasure.Erasure recombine
INFO: Erasure decoding took 7 mS
maj 16, 2021 9:17:09 PM peergos.shared.user.fs.erasure.Erasure split
INFO: Erasure encoding took 72 mS
maj 16, 2021 9:17:09 PM peergos.shared.user.fs.erasure.Erasure recombine
INFO: Erasure decoding took 2 mS
maj 16, 2021 9:17:09 PM peergos.shared.user.fs.erasure.Erasure split
INFO: Erasure encoding took 553 mS
maj 16, 2021 9:17:09 PM peergos.shared.user.fs.erasure.Erasure recombine
INFO: Erasure decoding took 15 mS
maj 16, 2021 9:17:10 PM peergos.shared.user.fs.erasure.Erasure split
INFO: Erasure encoding took 564 mS
maj 16, 2021 9:17:10 PM peergos.shared.user.fs.erasure.Erasure recombine
INFO: Erasure decoding took 16 mS
maj 16, 2021 9:17:10 PM peergos.shared.user.fs.erasure.Erasure split
INFO: Erasure encoding took 199 mS
maj 16, 2021 9:17:10 PM peergos.shared.user.fs.erasure.Erasure recombine
INFO: Erasure decoding took 4 mS
maj 16, 2021 9:17:11 PM peergos.shared.user.fs.erasure.Erasure split
INFO: Erasure encoding took 585 mS
maj 16, 2021 9:17:11 PM peergos.shared.user.fs.erasure.Erasure recombine
INFO: Erasure decoding took 19 mS
maj 16, 2021 9:17:11 PM peergos.shared.user.fs.erasure.Erasure split
INFO: Erasure encoding took 375 mS
maj 16, 2021 9:17:11 PM peergos.shared.user.fs.erasure.Erasure recombine
INFO: Erasure decoding took 9 mS
]]></system-err>
</testsuite>
