<?xml version="1.0" encoding="UTF-8" ?>
<testsuite errors="0" failures="0" hostname="MacBook-Pro-Dawid.local" name="peergos.server.tests.P2pStreamNetworkTests" skipped="0" tests="1" time="33.518" timestamp="2021-05-16T19:51:52">
  <properties>
[...]
</properties>
  <testcase classname="peergos.server.tests.P2pStreamNetworkTests" name="writeViaUnrelatedNode" time="13.125" />
  <system-out><![CDATA[Looking up OS: mac os x
Looking up architecture: x86_64
init
bootstrap rm all
config --json Experimental.Libp2pStreamMounting true
config --json Experimental.P2pHttpProxy true
config Addresses.API /ip4/127.0.0.1/tcp/26936
config Addresses.Gateway /ip4/127.0.0.1/tcp/45745
config --json Addresses.Swarm ["/ip4/0.0.0.0/tcp/24342","/ip6/::/tcp/24342"]
daemon
p2p listen --allow-custom-protocol /http /ip4/127.0.0.1/tcp/15079
Looking up OS: mac os x
Looking up architecture: x86_64
bootstrap rm all
config --json Experimental.Libp2pStreamMounting true
config --json Experimental.P2pHttpProxy true
config Addresses.API /ip4/127.0.0.1/tcp/26936
config Addresses.Gateway /ip4/127.0.0.1/tcp/45745
config --json Addresses.Swarm ["/ip4/0.0.0.0/tcp/24342","/ip6/::/tcp/24342"]
daemon
p2p listen --allow-custom-protocol /http /ip4/127.0.0.1/tcp/15079
Starting blockstore garbage collection on node z5AanNVJCxnRfUhXA78BPKy4TkwbbahQM5s92W5SXC39NAAobCfcxDE...
Listing block store took 0s
Listing pending blocks took 0s
Listing pointers took 0s
Marking reachable took 0s
Deleting blocks took 0s
GC complete. Freed 28 blocks totalling 40888 bytes in 0s

█╗█╗█╗█╗   ██████╗ ███████╗███████╗██████╗  ██████╗  ██████╗ ███████╗   █╗█╗█╗█╗
 █████╔╝   ██╔══██╗██╔════╝██╔════╝██╔══██╗██╔════╝ ██╔═══██╗██╔════╝    █████╔╝
 ██ ██║    ██████╔╝█████╗  █████╗  ██████╔╝██║  ███╗██║   ██║███████╗    ██ ██║
 █████║    ██╔═══╝ ██╔══╝  ██╔══╝  ██╔══██╗██║   ██║██║   ██║╚════██║    █████║
███████╗   ██║     ███████╗███████╗██║  ██║╚██████╔╝╚██████╔╝███████║   ███████╗
╚══════╝   ╚═╝     ╚══════╝╚══════╝╚═╝  ╚═╝ ╚═════╝  ╚═════╝ ╚══════╝   ╚══════╝
Peergos daemon started. Browse to http://localhost:15079/ to sign up or login. 
Running version 0.4.0-
Looking up OS: mac os x
Looking up architecture: x86_64
init
bootstrap rm all
bootstrap add /ip4/127.0.0.1/tcp/24342/ipfs/z5AanNVJCxnRfUhXA78BPKy4TkwbbahQM5s92W5SXC39NAAobCfcxDE
config --json Experimental.Libp2pStreamMounting true
config --json Experimental.P2pHttpProxy true
config Addresses.API /ip4/127.0.0.1/tcp/14360
config Addresses.Gateway /ip4/127.0.0.1/tcp/10948
config --json Addresses.Swarm ["/ip4/0.0.0.0/tcp/13029","/ip6/::/tcp/13029"]
daemon
p2p listen --allow-custom-protocol /http /ip4/127.0.0.1/tcp/45745
]]></system-out>
  <system-err><![CDATA[Couldn't load native crypto library at /Users/dawid/dev/mudita/Peergos/native-lib/libtweetnacl.so, using pure Java version...
To use the native linux-x86-64 crypto implementation use option -Djava.library.path=native-lib
]]></system-err>
</testsuite>
